\BOOKMARK [1][-]{section.1}{Introduction }{}% 1
\BOOKMARK [1][-]{section.2}{Aims and Objectives }{}% 2
\BOOKMARK [1][-]{section.3}{Literature Review }{}% 3
\BOOKMARK [2][-]{subsection.3.1}{Review of Portfolio Optimization Algorithms}{section.3}% 4
\BOOKMARK [3][-]{subsubsection.3.1.1}{Introduction}{subsection.3.1}% 5
\BOOKMARK [3][-]{subsubsection.3.1.2}{Issues with Portfolio optimization}{subsection.3.1}% 6
\BOOKMARK [3][-]{subsubsection.3.1.3}{Risk Based Portfolios}{subsection.3.1}% 7
\BOOKMARK [2][-]{subsection.3.2}{Empirical Backtests and Monte Carlo Findings}{section.3}% 8
\BOOKMARK [2][-]{subsection.3.3}{Monte Carlo Methods in Portfolio Optimization}{section.3}% 9
\BOOKMARK [1][-]{section.4}{Methodology }{}% 10
\BOOKMARK [2][-]{subsection.4.1}{Correlation Structures }{section.4}% 11
\BOOKMARK [3][-]{subsubsection.4.1.1}{Ad Hoc }{subsection.4.1}% 12
\BOOKMARK [2][-]{subsection.4.2}{Empirical }{section.4}% 13
\BOOKMARK [2][-]{subsection.4.3}{Monte Carlo }{section.4}% 14
\BOOKMARK [2][-]{subsection.4.4}{Back Tests }{section.4}% 15
\BOOKMARK [2][-]{subsection.4.5}{Portfolio Analytics }{section.4}% 16
\BOOKMARK [2][-]{subsection.4.6}{Results and Discussion }{section.4}% 17
\BOOKMARK [2][-]{subsection.4.7}{Comparing Portfolios Within Market Types }{section.4}% 18
\BOOKMARK [3][-]{subsubsection.4.7.1}{Market 1}{subsection.4.7}% 19
\BOOKMARK [3][-]{subsubsection.4.7.2}{Market 2}{subsection.4.7}% 20
\BOOKMARK [3][-]{subsubsection.4.7.3}{Market 3}{subsection.4.7}% 21
\BOOKMARK [3][-]{subsubsection.4.7.4}{Market 4}{subsection.4.7}% 22
\BOOKMARK [3][-]{subsubsection.4.7.5}{Market 5}{subsection.4.7}% 23
\BOOKMARK [2][-]{subsection.4.8}{Comparing Portfolios Across Market Types }{section.4}% 24
\BOOKMARK [3][-]{subsubsection.4.8.1}{Entropy Across Market Types }{subsection.4.8}% 25
\BOOKMARK [3][-]{subsubsection.4.8.2}{Performance Metrics Across Market Types }{subsection.4.8}% 26
\BOOKMARK [2][-]{subsection.4.9}{Discussion}{section.4}% 27
\BOOKMARK [1][-]{section.5}{Conclusion }{}% 28
\BOOKMARK [1][-]{section*.14}{References}{}% 29
\BOOKMARK [1][-]{section*.15}{Appendix}{}% 30
